E:\Desktop\FIM HN\Project\WebAPI\WebAPI\WebUI\dist\out-tsc\src\app\app.component.js
E:\Desktop\FIM HN\Project\WebAPI\WebAPI\WebUI\dist\out-tsc\src\app\app.component.js.map
E:\Desktop\FIM HN\Project\WebAPI\WebAPI\WebUI\dist\out-tsc\src\app\shared\models\request-for-quotation.js
E:\Desktop\FIM HN\Project\WebAPI\WebAPI\WebUI\dist\out-tsc\src\app\shared\models\request-for-quotation.js.map
E:\Desktop\FIM HN\Project\WebAPI\WebAPI\WebUI\dist\out-tsc\src\app\shared\service\request-for-quotation.service.js
E:\Desktop\FIM HN\Project\WebAPI\WebAPI\WebUI\dist\out-tsc\src\app\shared\service\request-for-quotation.service.js.map
E:\Desktop\FIM HN\Project\WebAPI\WebAPI\WebUI\dist\out-tsc\src\app\shared\models\rfq-detail.js
E:\Desktop\FIM HN\Project\WebAPI\WebAPI\WebUI\dist\out-tsc\src\app\shared\models\rfq-detail.js.map
E:\Desktop\FIM HN\Project\WebAPI\WebAPI\WebUI\dist\out-tsc\src\app\shared\service\rfq-detail.service.js
E:\Desktop\FIM HN\Project\WebAPI\WebAPI\WebUI\dist\out-tsc\src\app\shared\service\rfq-detail.service.js.map
E:\Desktop\FIM HN\Project\WebAPI\WebAPI\WebUI\dist\out-tsc\src\app\shared\models\category.js
E:\Desktop\FIM HN\Project\WebAPI\WebAPI\WebUI\dist\out-tsc\src\app\shared\models\category.js.map
E:\Desktop\FIM HN\Project\WebAPI\WebAPI\WebUI\dist\out-tsc\src\app\shared\service\category.service.js
E:\Desktop\FIM HN\Project\WebAPI\WebAPI\WebUI\dist\out-tsc\src\app\shared\service\category.service.js.map
E:\Desktop\FIM HN\Project\WebAPI\WebAPI\WebUI\dist\out-tsc\src\app\shared\models\organization-unit.js
E:\Desktop\FIM HN\Project\WebAPI\WebAPI\WebUI\dist\out-tsc\src\app\shared\models\organization-unit.js.map
E:\Desktop\FIM HN\Project\WebAPI\WebAPI\WebUI\dist\out-tsc\src\app\shared\models\user.js
E:\Desktop\FIM HN\Project\WebAPI\WebAPI\WebUI\dist\out-tsc\src\app\shared\models\user.js.map
E:\Desktop\FIM HN\Project\WebAPI\WebAPI\WebUI\dist\out-tsc\src\app\shared\models\organization.js
E:\Desktop\FIM HN\Project\WebAPI\WebAPI\WebUI\dist\out-tsc\src\app\shared\models\organization.js.map
E:\Desktop\FIM HN\Project\WebAPI\WebAPI\WebUI\dist\out-tsc\src\app\company-tree\example-data.js
E:\Desktop\FIM HN\Project\WebAPI\WebAPI\WebUI\dist\out-tsc\src\app\company-tree\example-data.js.map
E:\Desktop\FIM HN\Project\WebAPI\WebAPI\WebUI\dist\out-tsc\src\app\shared\models\vendor.js
E:\Desktop\FIM HN\Project\WebAPI\WebAPI\WebUI\dist\out-tsc\src\app\shared\models\vendor.js.map
E:\Desktop\FIM HN\Project\WebAPI\WebAPI\WebUI\dist\out-tsc\src\app\shared\service\vendor.service.js
E:\Desktop\FIM HN\Project\WebAPI\WebAPI\WebUI\dist\out-tsc\src\app\shared\service\vendor.service.js.map
E:\Desktop\FIM HN\Project\WebAPI\WebAPI\WebUI\dist\out-tsc\src\app\shared\models\rfq-mail-cc.js
E:\Desktop\FIM HN\Project\WebAPI\WebAPI\WebUI\dist\out-tsc\src\app\shared\models\rfq-mail-cc.js.map
E:\Desktop\FIM HN\Project\WebAPI\WebAPI\WebUI\dist\out-tsc\src\app\shared\service\rfq-mail-cc.service.js
E:\Desktop\FIM HN\Project\WebAPI\WebAPI\WebUI\dist\out-tsc\src\app\shared\service\rfq-mail-cc.service.js.map
E:\Desktop\FIM HN\Project\WebAPI\WebAPI\WebUI\dist\out-tsc\src\app\request-for-quotation\request-for-quotation.component.js
E:\Desktop\FIM HN\Project\WebAPI\WebAPI\WebUI\dist\out-tsc\src\app\request-for-quotation\request-for-quotation.component.js.map
E:\Desktop\FIM HN\Project\WebAPI\WebAPI\WebUI\dist\out-tsc\src\app\shared\models\purchase-request.js
E:\Desktop\FIM HN\Project\WebAPI\WebAPI\WebUI\dist\out-tsc\src\app\shared\models\purchase-request.js.map
E:\Desktop\FIM HN\Project\WebAPI\WebAPI\WebUI\dist\out-tsc\src\app\shared\service\purchase-request.service.js
E:\Desktop\FIM HN\Project\WebAPI\WebAPI\WebUI\dist\out-tsc\src\app\shared\service\purchase-request.service.js.map
E:\Desktop\FIM HN\Project\WebAPI\WebAPI\WebUI\dist\out-tsc\src\app\shared\service\organization.service.js
E:\Desktop\FIM HN\Project\WebAPI\WebAPI\WebUI\dist\out-tsc\src\app\shared\service\organization.service.js.map
E:\Desktop\FIM HN\Project\WebAPI\WebAPI\WebUI\dist\out-tsc\src\app\shared\models\pr-detail.js
E:\Desktop\FIM HN\Project\WebAPI\WebAPI\WebUI\dist\out-tsc\src\app\shared\models\pr-detail.js.map
E:\Desktop\FIM HN\Project\WebAPI\WebAPI\WebUI\dist\out-tsc\src\app\shared\service\purchase-request-detail.service.js
E:\Desktop\FIM HN\Project\WebAPI\WebAPI\WebUI\dist\out-tsc\src\app\shared\service\purchase-request-detail.service.js.map
E:\Desktop\FIM HN\Project\WebAPI\WebAPI\WebUI\dist\out-tsc\src\app\purchase-request\purchase-request.component.js
E:\Desktop\FIM HN\Project\WebAPI\WebAPI\WebUI\dist\out-tsc\src\app\purchase-request\purchase-request.component.js.map
E:\Desktop\FIM HN\Project\WebAPI\WebAPI\WebUI\dist\out-tsc\src\app\home-page\home-page.component.js
E:\Desktop\FIM HN\Project\WebAPI\WebAPI\WebUI\dist\out-tsc\src\app\home-page\home-page.component.js.map
E:\Desktop\FIM HN\Project\WebAPI\WebAPI\WebUI\dist\out-tsc\src\app\company-tree\company-tree.component.js
E:\Desktop\FIM HN\Project\WebAPI\WebAPI\WebUI\dist\out-tsc\src\app\company-tree\company-tree.component.js.map
E:\Desktop\FIM HN\Project\WebAPI\WebAPI\WebUI\dist\out-tsc\src\app\app.module.js
E:\Desktop\FIM HN\Project\WebAPI\WebAPI\WebUI\dist\out-tsc\src\app\app.module.js.map
E:\Desktop\FIM HN\Project\WebAPI\WebAPI\WebUI\dist\out-tsc\src\environments\environment.js
E:\Desktop\FIM HN\Project\WebAPI\WebAPI\WebUI\dist\out-tsc\src\environments\environment.js.map
E:\Desktop\FIM HN\Project\WebAPI\WebAPI\WebUI\dist\out-tsc\src\main.js
E:\Desktop\FIM HN\Project\WebAPI\WebAPI\WebUI\dist\out-tsc\src\main.js.map
E:\Desktop\FIM HN\Project\WebAPI\WebAPI\WebUI\dist\out-tsc\src\polyfills.js
E:\Desktop\FIM HN\Project\WebAPI\WebAPI\WebUI\dist\out-tsc\src\polyfills.js.map
E:\Desktop\FIM HN\Project\WebAPI\WebAPI\WebUI\dist\out-tsc\src\test.js
E:\Desktop\FIM HN\Project\WebAPI\WebAPI\WebUI\dist\out-tsc\src\test.js.map
E:\Desktop\FIM HN\Project\WebAPI\WebAPI\WebUI\dist\out-tsc\e2e\src\app.po.js
E:\Desktop\FIM HN\Project\WebAPI\WebAPI\WebUI\dist\out-tsc\e2e\src\app.po.js.map
E:\Desktop\FIM HN\Project\WebAPI\WebAPI\WebUI\dist\out-tsc\e2e\src\app.e2e-spec.js
E:\Desktop\FIM HN\Project\WebAPI\WebAPI\WebUI\dist\out-tsc\e2e\src\app.e2e-spec.js.map
E:\Desktop\FIM HN\Project\WebAPI\WebAPI\WebUI\dist\out-tsc\src\environments\environment.prod.js
E:\Desktop\FIM HN\Project\WebAPI\WebAPI\WebUI\dist\out-tsc\src\environments\environment.prod.js.map
